<?xml version="1.0" encoding="UTF-8"?>
<testng-results skipped="0" failed="0" ignored="0" total="1" passed="1">
  <reporter-output>
  </reporter-output>
  <suite name="Default suite" duration-ms="32" started-at="2022-10-10T12:35:47Z" finished-at="2022-10-10T12:35:47Z">
    <groups>
    </groups>
    <test name="Default test" duration-ms="32" started-at="2022-10-10T12:35:47Z" finished-at="2022-10-10T12:35:47Z">
      <class name="org.testng.Sample">
        <test-method status="PASS" signature="test1()[pri:0, instance:org.testng.Sample@61f8bee4]" name="test1" is-config="true" duration-ms="12" started-at="2022-10-10T12:35:47Z" finished-at="2022-10-10T12:35:47Z">
          <reporter-output>
          </reporter-output>
        </test-method> <!-- test1 -->
        <test-method status="PASS" signature="test5()[pri:0, instance:org.testng.Sample@61f8bee4]" name="test5" is-config="true" duration-ms="0" started-at="2022-10-10T12:35:47Z" finished-at="2022-10-10T12:35:47Z">
          <reporter-output>
          </reporter-output>
        </test-method> <!-- test5 -->
        <test-method status="PASS" signature="test9()[pri:0, instance:org.testng.Sample@61f8bee4]" name="test9" duration-ms="4" started-at="2022-10-10T12:35:47Z" finished-at="2022-10-10T12:35:47Z">
          <reporter-output>
          </reporter-output>
        </test-method> <!-- test9 -->
        <test-method status="PASS" signature="test4()[pri:0, instance:org.testng.Sample@61f8bee4]" name="test4" is-config="true" duration-ms="0" started-at="2022-10-10T12:35:47Z" finished-at="2022-10-10T12:35:47Z">
          <reporter-output>
          </reporter-output>
        </test-method> <!-- test4 -->
        <test-method status="PASS" signature="test3()[pri:0, instance:org.testng.Sample@61f8bee4]" name="test3" is-config="true" duration-ms="4" started-at="2022-10-10T12:35:47Z" finished-at="2022-10-10T12:35:47Z">
          <reporter-output>
          </reporter-output>
        </test-method> <!-- test3 -->
        <test-method status="PASS" signature="test8()[pri:0, instance:org.testng.Sample@61f8bee4]" name="test8" is-config="true" duration-ms="0" started-at="2022-10-10T12:35:47Z" finished-at="2022-10-10T12:35:47Z">
          <reporter-output>
          </reporter-output>
        </test-method> <!-- test8 -->
        <test-method status="PASS" signature="test6()[pri:0, instance:org.testng.Sample@61f8bee4]" name="test6" is-config="true" duration-ms="1" started-at="2022-10-10T12:35:47Z" finished-at="2022-10-10T12:35:47Z">
          <reporter-output>
          </reporter-output>
        </test-method> <!-- test6 -->
        <test-method status="PASS" signature="test2()[pri:0, instance:org.testng.Sample@61f8bee4]" name="test2" is-config="true" duration-ms="1" started-at="2022-10-10T12:35:47Z" finished-at="2022-10-10T12:35:47Z">
          <reporter-output>
          </reporter-output>
        </test-method> <!-- test2 -->
      </class> <!-- org.testng.Sample -->
    </test> <!-- Default test -->
  </suite> <!-- Default suite -->
</testng-results>
